<?xml version="1.0" encoding="UTF-8"?>
<robot generator="Robot 6.0 (Python 3.10.8 on win32)" generated="20221024 15:40:03.431" rpa="false" schemaversion="3">
<suite id="s1" name="Rf2" source="C:\Users\DanAn\OneDrive\BACKUP_MMXIX\Desktop\TA2410\tad24m10\RF2\rf2.robot">
<test id="s1-t1" name="Simple Test Case" line="10">
<kw name="Should Be Title Case" library="String">
<arg>Robot Framework</arg>
<doc>Fails if given ``string`` is not title.</doc>
<status status="PASS" starttime="20221024 15:40:03.464" endtime="20221024 15:40:03.464"/>
</kw>
<kw name="Should Be Equal" library="BuiltIn">
<arg>Var1</arg>
<arg>Var1</arg>
<doc>Fails if the given objects are unequal.</doc>
<status status="PASS" starttime="20221024 15:40:03.465" endtime="20221024 15:40:03.465"/>
</kw>
<kw name="Should Be True" library="BuiltIn">
<arg>3 + 6 == 9</arg>
<doc>Fails if the given condition is not true.</doc>
<status status="PASS" starttime="20221024 15:40:03.465" endtime="20221024 15:40:03.466"/>
</kw>
<doc>Shows some assertion keywords</doc>
<status status="PASS" starttime="20221024 15:40:03.463" endtime="20221024 15:40:03.466"/>
</test>
<test id="s1-t2" name="Test with Keywords" line="16">
<kw name="Store Text" library="keywords">
<arg>Hail Our Robot</arg>
<kw name="Log" library="BuiltIn">
<arg>The text "${text}" will be store in the variable \${stored_text}.</arg>
<doc>Logs the given message with the given level.</doc>
<msg timestamp="20221024 15:40:03.468" level="INFO">The text "Hail Our Robot" will be store in the variable ${stored_text}.</msg>
<status status="PASS" starttime="20221024 15:40:03.467" endtime="20221024 15:40:03.468"/>
</kw>
<kw name="Set Suite Variable" library="BuiltIn">
<arg>${stored_text}</arg>
<arg>${text}</arg>
<doc>Makes a variable available everywhere within the scope of the current suite.</doc>
<msg timestamp="20221024 15:40:03.469" level="INFO">${stored_text} = Hail Our Robot</msg>
<status status="PASS" starttime="20221024 15:40:03.468" endtime="20221024 15:40:03.469"/>
</kw>
<status status="PASS" starttime="20221024 15:40:03.467" endtime="20221024 15:40:03.469"/>
</kw>
<kw name="Add Text To Stored Text" library="keywords">
<arg>Overlords!</arg>
<kw name="Set Variable" library="BuiltIn">
<var>${full_text}</var>
<arg>${stored_text} ${text}</arg>
<doc>Returns the given values which can then be assigned to a variables.</doc>
<msg timestamp="20221024 15:40:03.470" level="INFO">${full_text} = Hail Our Robot Overlords!</msg>
<status status="PASS" starttime="20221024 15:40:03.470" endtime="20221024 15:40:03.470"/>
</kw>
<kw name="Log" library="BuiltIn">
<arg>The resulting text is: ${full_text}</arg>
<doc>Logs the given message with the given level.</doc>
<msg timestamp="20221024 15:40:03.470" level="INFO">The resulting text is: Hail Our Robot Overlords!</msg>
<status status="PASS" starttime="20221024 15:40:03.470" endtime="20221024 15:40:03.470"/>
</kw>
<kw name="Set Suite Variable" library="BuiltIn">
<arg>${stored_text}</arg>
<arg>${full_text}</arg>
<doc>Makes a variable available everywhere within the scope of the current suite.</doc>
<msg timestamp="20221024 15:40:03.470" level="INFO">${stored_text} = Hail Our Robot Overlords!</msg>
<status status="PASS" starttime="20221024 15:40:03.470" endtime="20221024 15:40:03.470"/>
</kw>
<status status="PASS" starttime="20221024 15:40:03.469" endtime="20221024 15:40:03.470"/>
</kw>
<kw name="Verify Stored Text Length" library="keywords">
<arg>25</arg>
<kw name="Length Should Be" library="BuiltIn">
<arg>${stored_text}</arg>
<arg>${expected_length}</arg>
<doc>Verifies that the length of the given item is correct.</doc>
<msg timestamp="20221024 15:40:03.471" level="INFO">Length is 25</msg>
<status status="PASS" starttime="20221024 15:40:03.471" endtime="20221024 15:40:03.471"/>
</kw>
<status status="PASS" starttime="20221024 15:40:03.471" endtime="20221024 15:40:03.471"/>
</kw>
<kw name="Get Stored Text" library="keywords">
<var>${current_text}</var>
<msg timestamp="20221024 15:40:03.471" level="INFO">${current_text} = Hail Our Robot Overlords!</msg>
<status status="PASS" starttime="20221024 15:40:03.471" endtime="20221024 15:40:03.471"/>
</kw>
<kw name="Should Be Equal" library="BuiltIn">
<arg>${current_text}</arg>
<arg>Hail Our Robot Overlords!</arg>
<doc>Fails if the given objects are unequal.</doc>
<status status="PASS" starttime="20221024 15:40:03.472" endtime="20221024 15:40:03.472"/>
</kw>
<status status="PASS" starttime="20221024 15:40:03.467" endtime="20221024 15:40:03.472"/>
</test>
<test id="s1-t3" name="Test for the year 2022" line="23">
<kw name="Get Current Date" library="DateTime">
<var>${date}</var>
<arg>result_format=datetime</arg>
<doc>Returns current local or UTC time with an optional increment.</doc>
<msg timestamp="20221024 15:40:03.473" level="INFO">${date} = 2022-10-24 15:40:03.473345</msg>
<status status="PASS" starttime="20221024 15:40:03.473" endtime="20221024 15:40:03.473"/>
</kw>
<kw name="Log" library="BuiltIn">
<arg>${date}</arg>
<doc>Logs the given message with the given level.</doc>
<msg timestamp="20221024 15:40:03.473" level="INFO">2022-10-24 15:40:03.473345</msg>
<status status="PASS" starttime="20221024 15:40:03.473" endtime="20221024 15:40:03.473"/>
</kw>
<kw name="Should Be Equal As Strings" library="BuiltIn">
<arg>${date.year}</arg>
<arg>2022</arg>
<doc>Fails if objects are unequal after converting them to strings.</doc>
<msg timestamp="20221024 15:40:03.474" level="INFO">Argument types are:
&lt;class 'int'&gt;
&lt;class 'str'&gt;</msg>
<status status="PASS" starttime="20221024 15:40:03.473" endtime="20221024 15:40:03.474"/>
</kw>
<doc>Tests if it is still 2022...</doc>
<status status="PASS" starttime="20221024 15:40:03.472" endtime="20221024 15:40:03.474"/>
</test>
<test id="s1-t4" name="Test Case that which does not fail" line="29">
<kw name="Should Be True" library="BuiltIn">
<arg>3 + 6 == 9</arg>
<doc>Fails if the given condition is not true.</doc>
<status status="PASS" starttime="20221024 15:40:03.475" endtime="20221024 15:40:03.476"/>
</kw>
<status status="PASS" starttime="20221024 15:40:03.475" endtime="20221024 15:40:03.476"/>
</test>
<doc>This .robot file is a suite

Keywords are imported from the resource file</doc>
<status status="PASS" starttime="20221024 15:40:03.433" endtime="20221024 15:40:03.476"/>
</suite>
<statistics>
<total>
<stat pass="4" fail="0" skip="0">All Tests</stat>
</total>
<tag>
</tag>
<suite>
<stat pass="4" fail="0" skip="0" id="s1" name="Rf2">Rf2</stat>
</suite>
</statistics>
<errors>
</errors>
</robot>
